# JRE version: Java(TM) SE Runtime Environment (8.0_261-b12) (build 1.8.0_261-b12)
# Java VM: Java HotSpot(TM) 64-Bit Server VM (25.261-b12 mixed mode windows-amd64 compressed oops)
Heap:
 PSYoungGen      total 369152K, used 191110K [0x00000000d6c00000, 0x00000000f1280000, 0x0000000100000000)
  eden space 333312K, 46% used [0x00000000d6c00000,0x00000000e03a9408,0x00000000eb180000)
  from space 35840K, 99% used [0x00000000eed00000,0x00000000f0ff84e8,0x00000000f1000000)
  to   space 49664K, 0% used [0x00000000eb180000,0x00000000eb180000,0x00000000ee200000)
 ParOldGen       total 91648K, used 58396K [0x0000000084400000, 0x0000000089d80000, 0x00000000d6c00000)
  object space 91648K, 63% used [0x0000000084400000,0x0000000087d07110,0x0000000089d80000)
 Metaspace       used 71412K, capacity 73468K, committed 73728K, reserved 1114112K
  class space    used 9519K, capacity 9918K, committed 9984K, reserved 1048576K
GC Heap History (10 events):
Event: 17.083 GC heap before
{Heap before GC invocations=13 (full 2):
 PSYoungGen      total 346624K, used 15063K [0x00000000d6c00000, 0x00000000f0a00000, 0x0000000100000000)
  eden space 331264K, 0% used [0x00000000d6c00000,0x00000000d6c00000,0x00000000eaf80000)
  from space 15360K, 98% used [0x00000000ed080000,0x00000000edf35fa8,0x00000000edf80000)
  to   space 29696K, 0% used [0x00000000eed00000,0x00000000eed00000,0x00000000f0a00000)
 ParOldGen       total 65024K, used 15196K [0x0000000084400000, 0x0000000088380000, 0x00000000d6c00000)
  object space 65024K, 23% used [0x0000000084400000,0x00000000852d7080,0x0000000088380000)
 Metaspace       used 34285K, capacity 35234K, committed 35416K, reserved 1081344K
  class space    used 4247K, capacity 4488K, committed 4608K, reserved 1048576K
Event: 17.130 GC heap after
Heap after GC invocations=13 (full 2):
 PSYoungGen      total 346624K, used 0K [0x00000000d6c00000, 0x00000000f0a00000, 0x0000000100000000)
  eden space 331264K, 0% used [0x00000000d6c00000,0x00000000d6c00000,0x00000000eaf80000)
  from space 15360K, 0% used [0x00000000ed080000,0x00000000ed080000,0x00000000edf80000)
  to   space 29696K, 0% used [0x00000000eed00000,0x00000000eed00000,0x00000000f0a00000)
 ParOldGen       total 91648K, used 23296K [0x0000000084400000, 0x0000000089d80000, 0x00000000d6c00000)
  object space 91648K, 25% used [0x0000000084400000,0x0000000085ac0380,0x0000000089d80000)
 Metaspace       used 34285K, capacity 35234K, committed 35416K, reserved 1081344K
  class space    used 4247K, capacity 4488K, committed 4608K, reserved 1048576K
}
Event: 27.699 GC heap before
{Heap before GC invocations=14 (full 2):
 PSYoungGen      total 346624K, used 319232K [0x00000000d6c00000, 0x00000000f0a00000, 0x0000000100000000)
  eden space 331264K, 96% used [0x00000000d6c00000,0x00000000ea3c0290,0x00000000eaf80000)
  from space 15360K, 0% used [0x00000000ed080000,0x00000000ed080000,0x00000000edf80000)
  to   space 29696K, 0% used [0x00000000eed00000,0x00000000eed00000,0x00000000f0a00000)
 ParOldGen       total 91648K, used 23296K [0x0000000084400000, 0x0000000089d80000, 0x00000000d6c00000)
  object space 91648K, 25% used [0x0000000084400000,0x0000000085ac0380,0x0000000089d80000)
 Metaspace       used 57510K, capacity 58968K, committed 59008K, reserved 1099776K
  class space    used 7493K, capacity 7795K, committed 7808K, reserved 1048576K
Event: 27.725 GC heap after
Heap after GC invocations=14 (full 2):
 PSYoungGen      total 391168K, used 26189K [0x00000000d6c00000, 0x00000000f5200000, 0x0000000100000000)
  eden space 361472K, 0% used [0x00000000d6c00000,0x00000000d6c00000,0x00000000ecd00000)
  from space 29696K, 88% used [0x00000000eed00000,0x00000000f0693518,0x00000000f0a00000)
  to   space 32768K, 0% used [0x00000000ecd00000,0x00000000ecd00000,0x00000000eed00000)
 ParOldGen       total 91648K, used 23312K [0x0000000084400000, 0x0000000089d80000, 0x00000000d6c00000)
  object space 91648K, 25% used [0x0000000084400000,0x0000000085ac4380,0x0000000089d80000)
 Metaspace       used 57510K, capacity 58968K, committed 59008K, reserved 1099776K
  class space    used 7493K, capacity 7795K, committed 7808K, reserved 1048576K
}
Event: 27.725 GC heap before
{Heap before GC invocations=15 (full 3):
 PSYoungGen      total 391168K, used 26189K [0x00000000d6c00000, 0x00000000f5200000, 0x0000000100000000)
  eden space 361472K, 0% used [0x00000000d6c00000,0x00000000d6c00000,0x00000000ecd00000)
  from space 29696K, 88% used [0x00000000eed00000,0x00000000f0693518,0x00000000f0a00000)
  to   space 32768K, 0% used [0x00000000ecd00000,0x00000000ecd00000,0x00000000eed00000)
 ParOldGen       total 91648K, used 23312K [0x0000000084400000, 0x0000000089d80000, 0x00000000d6c00000)
  object space 91648K, 25% used [0x0000000084400000,0x0000000085ac4380,0x0000000089d80000)
 Metaspace       used 57510K, capacity 58968K, committed 59008K, reserved 1099776K
  class space    used 7493K, capacity 7795K, committed 7808K, reserved 1048576K
Event: 27.879 GC heap after
Heap after GC invocations=15 (full 3):
 PSYoungGen      total 391168K, used 0K [0x00000000d6c00000, 0x00000000f5200000, 0x0000000100000000)
  eden space 361472K, 0% used [0x00000000d6c00000,0x00000000d6c00000,0x00000000ecd00000)
  from space 29696K, 0% used [0x00000000eed00000,0x00000000eed00000,0x00000000f0a00000)
  to   space 32768K, 0% used [0x00000000ecd00000,0x00000000ecd00000,0x00000000eed00000)
 ParOldGen       total 91648K, used 37461K [0x0000000084400000, 0x0000000089d80000, 0x00000000d6c00000)
  object space 91648K, 40% used [0x0000000084400000,0x00000000868955f0,0x0000000089d80000)
 Metaspace       used 57510K, capacity 58968K, committed 59008K, reserved 1099776K
  class space    used 7493K, capacity 7795K, committed 7808K, reserved 1048576K
}
Event: 1262.761 GC heap before
{Heap before GC invocations=16 (full 3):
 PSYoungGen      total 391168K, used 361472K [0x00000000d6c00000, 0x00000000f5200000, 0x0000000100000000)
  eden space 361472K, 100% used [0x00000000d6c00000,0x00000000ecd00000,0x00000000ecd00000)
  from space 29696K, 0% used [0x00000000eed00000,0x00000000eed00000,0x00000000f0a00000)
  to   space 32768K, 0% used [0x00000000ecd00000,0x00000000ecd00000,0x00000000eed00000)
 ParOldGen       total 91648K, used 37461K [0x0000000084400000, 0x0000000089d80000, 0x00000000d6c00000)
  object space 91648K, 40% used [0x0000000084400000,0x00000000868955f0,0x0000000089d80000)
 Metaspace       used 58943K, capacity 60610K, committed 60800K, reserved 1101824K
  class space    used 7688K, capacity 8023K, committed 8064K, reserved 1048576K
Event: 1262.819 GC heap after
Heap after GC invocations=16 (full 3):
 PSYoungGen      total 379904K, used 32750K [0x00000000d6c00000, 0x00000000f1000000, 0x0000000100000000)
  eden space 347136K, 0% used [0x00000000d6c00000,0x00000000d6c00000,0x00000000ebf00000)
  from space 32768K, 99% used [0x00000000ecd00000,0x00000000eecfbb60,0x00000000eed00000)
  to   space 35840K, 0% used [0x00000000eed00000,0x00000000eed00000,0x00000000f1000000)
 ParOldGen       total 91648K, used 47764K [0x0000000084400000, 0x0000000089d80000, 0x00000000d6c00000)
  object space 91648K, 52% used [0x0000000084400000,0x00000000872a50a8,0x0000000089d80000)
 Metaspace       used 58943K, capacity 60610K, committed 60800K, reserved 1101824K
  class space    used 7688K, capacity 8023K, committed 8064K, reserved 1048576K
}
Event: 1265.689 GC heap before
{Heap before GC invocations=17 (full 3):
 PSYoungGen      total 379904K, used 379886K [0x00000000d6c00000, 0x00000000f1000000, 0x0000000100000000)
  eden space 347136K, 100% used [0x00000000d6c00000,0x00000000ebf00000,0x00000000ebf00000)
  from space 32768K, 99% used [0x00000000ecd00000,0x00000000eecfbb60,0x00000000eed00000)
  to   space 35840K, 0% used [0x00000000eed00000,0x00000000eed00000,0x00000000f1000000)
 ParOldGen       total 91648K, used 47764K [0x0000000084400000, 0x0000000089d80000, 0x00000000d6c00000)
  object space 91648K, 52% used [0x0000000084400000,0x00000000872a50a8,0x0000000089d80000)
 Metaspace       used 59173K, capacity 60882K, committed 61184K, reserved 1101824K
  class space    used 7710K, capacity 8066K, committed 8192K, reserved 1048576K
Event: 1265.742 GC heap after
Heap after GC invocations=17 (full 3):
 PSYoungGen      total 369152K, used 35809K [0x00000000d6c00000, 0x00000000f1280000, 0x0000000100000000)
  eden space 333312K, 0% used [0x00000000d6c00000,0x00000000d6c00000,0x00000000eb180000)
  from space 35840K, 99% used [0x00000000eed00000,0x00000000f0ff84e8,0x00000000f1000000)
  to   space 49664K, 0% used [0x00000000eb180000,0x00000000eb180000,0x00000000ee200000)
 ParOldGen       total 91648K, used 58396K [0x0000000084400000, 0x0000000089d80000, 0x00000000d6c00000)
  object space 91648K, 63% used [0x0000000084400000,0x0000000087d07110,0x0000000089d80000)
 Metaspace       used 59173K, capacity 60882K, committed 61184K, reserved 1101824K
  class space    used 7710K, capacity 8066K, committed 8192K, reserved 1048576K
}

