# JRE version: Java(TM) SE Runtime Environment (8.0_261-b12) (build 1.8.0_261-b12)
# Java VM: Java HotSpot(TM) 64-Bit Server VM (25.261-b12 mixed mode windows-amd64 compressed oops)
Heap:
 PSYoungGen      total 265728K, used 194360K [0x00000000d6c00000, 0x00000000ee800000, 0x0000000100000000)
  eden space 234496K, 82% used [0x00000000d6c00000,0x00000000e29ce3d8,0x00000000e5100000)
  from space 31232K, 0% used [0x00000000e5100000,0x00000000e5100000,0x00000000e6f80000)
  to   space 30208K, 0% used [0x00000000eca80000,0x00000000eca80000,0x00000000ee800000)
 ParOldGen       total 95232K, used 23981K [0x0000000084400000, 0x000000008a100000, 0x00000000d6c00000)
  object space 95232K, 25% used [0x0000000084400000,0x0000000085b6b6f8,0x000000008a100000)
 Metaspace       used 48859K, capacity 50052K, committed 50304K, reserved 1093632K
  class space    used 6470K, capacity 6741K, committed 6784K, reserved 1048576K
GC Heap History (10 events):
Event: 8.604 GC heap before
{Heap before GC invocations=9 (full 0):
 PSYoungGen      total 267776K, used 265289K [0x00000000d6c00000, 0x00000000e8f00000, 0x0000000100000000)
  eden space 245248K, 100% used [0x00000000d6c00000,0x00000000e5b80000,0x00000000e5b80000)
  from space 22528K, 88% used [0x00000000e7400000,0x00000000e8792470,0x00000000e8a00000)
  to   space 25088K, 0% used [0x00000000e5b80000,0x00000000e5b80000,0x00000000e7400000)
 ParOldGen       total 84992K, used 28423K [0x0000000084400000, 0x0000000089700000, 0x00000000d6c00000)
  object space 84992K, 33% used [0x0000000084400000,0x0000000085fc1d08,0x0000000089700000)
 Metaspace       used 18375K, capacity 18784K, committed 19072K, reserved 1067008K
  class space    used 2011K, capacity 2138K, committed 2176K, reserved 1048576K
Event: 8.627 GC heap after
Heap after GC invocations=9 (full 0):
 PSYoungGen      total 270336K, used 25075K [0x00000000d6c00000, 0x00000000e8f00000, 0x0000000100000000)
  eden space 245248K, 0% used [0x00000000d6c00000,0x00000000d6c00000,0x00000000e5b80000)
  from space 25088K, 99% used [0x00000000e5b80000,0x00000000e73fcdd8,0x00000000e7400000)
  to   space 22528K, 0% used [0x00000000e7400000,0x00000000e7400000,0x00000000e8a00000)
 ParOldGen       total 84992K, used 33611K [0x0000000084400000, 0x0000000089700000, 0x00000000d6c00000)
  object space 84992K, 39% used [0x0000000084400000,0x00000000864d2d18,0x0000000089700000)
 Metaspace       used 18375K, capacity 18784K, committed 19072K, reserved 1067008K
  class space    used 2011K, capacity 2138K, committed 2176K, reserved 1048576K
}
Event: 9.494 GC heap before
{Heap before GC invocations=10 (full 0):
 PSYoungGen      total 270336K, used 66249K [0x00000000d6c00000, 0x00000000e8f00000, 0x0000000100000000)
  eden space 245248K, 16% used [0x00000000d6c00000,0x00000000d9435750,0x00000000e5b80000)
  from space 25088K, 99% used [0x00000000e5b80000,0x00000000e73fcdd8,0x00000000e7400000)
  to   space 22528K, 0% used [0x00000000e7400000,0x00000000e7400000,0x00000000e8a00000)
 ParOldGen       total 84992K, used 33611K [0x0000000084400000, 0x0000000089700000, 0x00000000d6c00000)
  object space 84992K, 39% used [0x0000000084400000,0x00000000864d2d18,0x0000000089700000)
 Metaspace       used 20722K, capacity 21060K, committed 21248K, reserved 1069056K
  class space    used 2366K, capacity 2470K, committed 2560K, reserved 1048576K
Event: 9.498 GC heap after
Heap after GC invocations=10 (full 0):
 PSYoungGen      total 257024K, used 4009K [0x00000000d6c00000, 0x00000000e8e00000, 0x0000000100000000)
  eden space 234496K, 0% used [0x00000000d6c00000,0x00000000d6c00000,0x00000000e5100000)
  from space 22528K, 17% used [0x00000000e7400000,0x00000000e77ea748,0x00000000e8a00000)
  to   space 31232K, 0% used [0x00000000e5100000,0x00000000e5100000,0x00000000e6f80000)
 ParOldGen       total 84992K, used 33971K [0x0000000084400000, 0x0000000089700000, 0x00000000d6c00000)
  object space 84992K, 39% used [0x0000000084400000,0x000000008652cd28,0x0000000089700000)
 Metaspace       used 20722K, capacity 21060K, committed 21248K, reserved 1069056K
  class space    used 2366K, capacity 2470K, committed 2560K, reserved 1048576K
}
Event: 9.498 GC heap before
{Heap before GC invocations=11 (full 1):
 PSYoungGen      total 257024K, used 4009K [0x00000000d6c00000, 0x00000000e8e00000, 0x0000000100000000)
  eden space 234496K, 0% used [0x00000000d6c00000,0x00000000d6c00000,0x00000000e5100000)
  from space 22528K, 17% used [0x00000000e7400000,0x00000000e77ea748,0x00000000e8a00000)
  to   space 31232K, 0% used [0x00000000e5100000,0x00000000e5100000,0x00000000e6f80000)
 ParOldGen       total 84992K, used 33971K [0x0000000084400000, 0x0000000089700000, 0x00000000d6c00000)
  object space 84992K, 39% used [0x0000000084400000,0x000000008652cd28,0x0000000089700000)
 Metaspace       used 20722K, capacity 21060K, committed 21248K, reserved 1069056K
  class space    used 2366K, capacity 2470K, committed 2560K, reserved 1048576K
Event: 9.534 GC heap after
Heap after GC invocations=11 (full 1):
 PSYoungGen      total 257024K, used 0K [0x00000000d6c00000, 0x00000000e8e00000, 0x0000000100000000)
  eden space 234496K, 0% used [0x00000000d6c00000,0x00000000d6c00000,0x00000000e5100000)
  from space 22528K, 0% used [0x00000000e7400000,0x00000000e7400000,0x00000000e8a00000)
  to   space 31232K, 0% used [0x00000000e5100000,0x00000000e5100000,0x00000000e6f80000)
 ParOldGen       total 64512K, used 14020K [0x0000000084400000, 0x0000000088300000, 0x00000000d6c00000)
  object space 64512K, 21% used [0x0000000084400000,0x00000000851b1230,0x0000000088300000)
 Metaspace       used 20722K, capacity 21060K, committed 21248K, reserved 1069056K
  class space    used 2366K, capacity 2470K, committed 2560K, reserved 1048576K
}
Event: 13.953 GC heap before
{Heap before GC invocations=12 (full 1):
 PSYoungGen      total 257024K, used 147831K [0x00000000d6c00000, 0x00000000e8e00000, 0x0000000100000000)
  eden space 234496K, 63% used [0x00000000d6c00000,0x00000000dfc5dc70,0x00000000e5100000)
  from space 22528K, 0% used [0x00000000e7400000,0x00000000e7400000,0x00000000e8a00000)
  to   space 31232K, 0% used [0x00000000e5100000,0x00000000e5100000,0x00000000e6f80000)
 ParOldGen       total 64512K, used 14020K [0x0000000084400000, 0x0000000088300000, 0x00000000d6c00000)
  object space 64512K, 21% used [0x0000000084400000,0x00000000851b1230,0x0000000088300000)
 Metaspace       used 34391K, capacity 35244K, committed 35416K, reserved 1081344K
  class space    used 4262K, capacity 4487K, committed 4608K, reserved 1048576K
Event: 13.961 GC heap after
Heap after GC invocations=12 (full 1):
 PSYoungGen      total 265728K, used 15822K [0x00000000d6c00000, 0x00000000ee800000, 0x0000000100000000)
  eden space 234496K, 0% used [0x00000000d6c00000,0x00000000d6c00000,0x00000000e5100000)
  from space 31232K, 50% used [0x00000000e5100000,0x00000000e60738b8,0x00000000e6f80000)
  to   space 30208K, 0% used [0x00000000eca80000,0x00000000eca80000,0x00000000ee800000)
 ParOldGen       total 64512K, used 14028K [0x0000000084400000, 0x0000000088300000, 0x00000000d6c00000)
  object space 64512K, 21% used [0x0000000084400000,0x00000000851b3230,0x0000000088300000)
 Metaspace       used 34391K, capacity 35244K, committed 35416K, reserved 1081344K
  class space    used 4262K, capacity 4487K, committed 4608K, reserved 1048576K
}
Event: 13.961 GC heap before
{Heap before GC invocations=13 (full 2):
 PSYoungGen      total 265728K, used 15822K [0x00000000d6c00000, 0x00000000ee800000, 0x0000000100000000)
  eden space 234496K, 0% used [0x00000000d6c00000,0x00000000d6c00000,0x00000000e5100000)
  from space 31232K, 50% used [0x00000000e5100000,0x00000000e60738b8,0x00000000e6f80000)
  to   space 30208K, 0% used [0x00000000eca80000,0x00000000eca80000,0x00000000ee800000)
 ParOldGen       total 64512K, used 14028K [0x0000000084400000, 0x0000000088300000, 0x00000000d6c00000)
  object space 64512K, 21% used [0x0000000084400000,0x00000000851b3230,0x0000000088300000)
 Metaspace       used 34391K, capacity 35244K, committed 35416K, reserved 1081344K
  class space    used 4262K, capacity 4487K, committed 4608K, reserved 1048576K
Event: 14.012 GC heap after
Heap after GC invocations=13 (full 2):
 PSYoungGen      total 265728K, used 0K [0x00000000d6c00000, 0x00000000ee800000, 0x0000000100000000)
  eden space 234496K, 0% used [0x00000000d6c00000,0x00000000d6c00000,0x00000000e5100000)
  from space 31232K, 0% used [0x00000000e5100000,0x00000000e5100000,0x00000000e6f80000)
  to   space 30208K, 0% used [0x00000000eca80000,0x00000000eca80000,0x00000000ee800000)
 ParOldGen       total 95232K, used 23981K [0x0000000084400000, 0x000000008a100000, 0x00000000d6c00000)
  object space 95232K, 25% used [0x0000000084400000,0x0000000085b6b6f8,0x000000008a100000)
 Metaspace       used 34391K, capacity 35244K, committed 35416K, reserved 1081344K
  class space    used 4262K, capacity 4487K, committed 4608K, reserved 1048576K
}

