# JRE version: Java(TM) SE Runtime Environment (8.0_261-b12) (build 1.8.0_261-b12)
# Java VM: Java HotSpot(TM) 64-Bit Server VM (25.261-b12 mixed mode windows-amd64 compressed oops)
Heap:
 PSYoungGen      total 137728K, used 76895K [0x00000000d6c00000, 0x00000000e4b00000, 0x0000000100000000)
  eden space 126976K, 52% used [0x00000000d6c00000,0x00000000dac9d258,0x00000000de800000)
  from space 10752K, 99% used [0x00000000de800000,0x00000000df27aa70,0x00000000df280000)
  to   space 16384K, 0% used [0x00000000e3b00000,0x00000000e3b00000,0x00000000e4b00000)
 ParOldGen       total 61440K, used 18769K [0x0000000084400000, 0x0000000088000000, 0x00000000d6c00000)
  object space 61440K, 30% used [0x0000000084400000,0x0000000085654708,0x0000000088000000)
 Metaspace       used 28052K, capacity 28992K, committed 29312K, reserved 1075200K
  class space    used 3353K, capacity 3619K, committed 3712K, reserved 1048576K
GC Heap History (10 events):
Event: 1.754 GC heap before
{Heap before GC invocations=4 (full 0):
 PSYoungGen      total 36864K, used 36856K [0x00000000d6c00000, 0x00000000db400000, 0x0000000100000000)
  eden space 31744K, 100% used [0x00000000d6c00000,0x00000000d8b00000,0x00000000d8b00000)
  from space 5120K, 99% used [0x00000000d8b00000,0x00000000d8ffe010,0x00000000d9000000)
  to   space 5120K, 0% used [0x00000000daf00000,0x00000000daf00000,0x00000000db400000)
 ParOldGen       total 84992K, used 1761K [0x0000000084400000, 0x0000000089700000, 0x00000000d6c00000)
  object space 84992K, 2% used [0x0000000084400000,0x00000000845b8570,0x0000000089700000)
 Metaspace       used 17364K, capacity 17772K, committed 18048K, reserved 1064960K
  class space    used 2201K, capacity 2339K, committed 2432K, reserved 1048576K
Event: 1.764 GC heap after
Heap after GC invocations=4 (full 0):
 PSYoungGen      total 68608K, used 5104K [0x00000000d6c00000, 0x00000000db400000, 0x0000000100000000)
  eden space 63488K, 0% used [0x00000000d6c00000,0x00000000d6c00000,0x00000000daa00000)
  from space 5120K, 99% used [0x00000000daf00000,0x00000000db3fc030,0x00000000db400000)
  to   space 5120K, 0% used [0x00000000daa00000,0x00000000daa00000,0x00000000daf00000)
 ParOldGen       total 84992K, used 4020K [0x0000000084400000, 0x0000000089700000, 0x00000000d6c00000)
  object space 84992K, 4% used [0x0000000084400000,0x00000000847ed388,0x0000000089700000)
 Metaspace       used 17364K, capacity 17772K, committed 18048K, reserved 1064960K
  class space    used 2201K, capacity 2339K, committed 2432K, reserved 1048576K
}
Event: 3.078 GC heap before
{Heap before GC invocations=5 (full 0):
 PSYoungGen      total 68608K, used 68592K [0x00000000d6c00000, 0x00000000db400000, 0x0000000100000000)
  eden space 63488K, 100% used [0x00000000d6c00000,0x00000000daa00000,0x00000000daa00000)
  from space 5120K, 99% used [0x00000000daf00000,0x00000000db3fc030,0x00000000db400000)
  to   space 5120K, 0% used [0x00000000daa00000,0x00000000daa00000,0x00000000daf00000)
 ParOldGen       total 84992K, used 4020K [0x0000000084400000, 0x0000000089700000, 0x00000000d6c00000)
  object space 84992K, 4% used [0x0000000084400000,0x00000000847ed388,0x0000000089700000)
 Metaspace       used 20090K, capacity 20758K, committed 20864K, reserved 1067008K
  class space    used 2459K, capacity 2630K, committed 2688K, reserved 1048576K
Event: 3.088 GC heap after
Heap after GC invocations=5 (full 0):
 PSYoungGen      total 68608K, used 5088K [0x00000000d6c00000, 0x00000000dfd00000, 0x0000000100000000)
  eden space 63488K, 0% used [0x00000000d6c00000,0x00000000d6c00000,0x00000000daa00000)
  from space 5120K, 99% used [0x00000000daa00000,0x00000000daef8020,0x00000000daf00000)
  to   space 10752K, 0% used [0x00000000df280000,0x00000000df280000,0x00000000dfd00000)
 ParOldGen       total 84992K, used 9594K [0x0000000084400000, 0x0000000089700000, 0x00000000d6c00000)
  object space 84992K, 11% used [0x0000000084400000,0x0000000084d5ebb0,0x0000000089700000)
 Metaspace       used 20090K, capacity 20758K, committed 20864K, reserved 1067008K
  class space    used 2459K, capacity 2630K, committed 2688K, reserved 1048576K
}
Event: 3.361 GC heap before
{Heap before GC invocations=6 (full 0):
 PSYoungGen      total 68608K, used 16506K [0x00000000d6c00000, 0x00000000dfd00000, 0x0000000100000000)
  eden space 63488K, 17% used [0x00000000d6c00000,0x00000000d7726878,0x00000000daa00000)
  from space 5120K, 99% used [0x00000000daa00000,0x00000000daef8020,0x00000000daf00000)
  to   space 10752K, 0% used [0x00000000df280000,0x00000000df280000,0x00000000dfd00000)
 ParOldGen       total 84992K, used 9594K [0x0000000084400000, 0x0000000089700000, 0x00000000d6c00000)
  object space 84992K, 11% used [0x0000000084400000,0x0000000084d5ebb0,0x0000000089700000)
 Metaspace       used 20479K, capacity 21232K, committed 21296K, reserved 1069056K
  class space    used 2499K, capacity 2677K, committed 2688K, reserved 1048576K
Event: 3.370 GC heap after
Heap after GC invocations=6 (full 0):
 PSYoungGen      total 137728K, used 6208K [0x00000000d6c00000, 0x00000000dfd00000, 0x0000000100000000)
  eden space 126976K, 0% used [0x00000000d6c00000,0x00000000d6c00000,0x00000000de800000)
  from space 10752K, 57% used [0x00000000df280000,0x00000000df890040,0x00000000dfd00000)
  to   space 10752K, 0% used [0x00000000de800000,0x00000000de800000,0x00000000df280000)
 ParOldGen       total 84992K, used 9602K [0x0000000084400000, 0x0000000089700000, 0x00000000d6c00000)
  object space 84992K, 11% used [0x0000000084400000,0x0000000084d60bb0,0x0000000089700000)
 Metaspace       used 20479K, capacity 21232K, committed 21296K, reserved 1069056K
  class space    used 2499K, capacity 2677K, committed 2688K, reserved 1048576K
}
Event: 3.370 GC heap before
{Heap before GC invocations=7 (full 1):
 PSYoungGen      total 137728K, used 6208K [0x00000000d6c00000, 0x00000000dfd00000, 0x0000000100000000)
  eden space 126976K, 0% used [0x00000000d6c00000,0x00000000d6c00000,0x00000000de800000)
  from space 10752K, 57% used [0x00000000df280000,0x00000000df890040,0x00000000dfd00000)
  to   space 10752K, 0% used [0x00000000de800000,0x00000000de800000,0x00000000df280000)
 ParOldGen       total 84992K, used 9602K [0x0000000084400000, 0x0000000089700000, 0x00000000d6c00000)
  object space 84992K, 11% used [0x0000000084400000,0x0000000084d60bb0,0x0000000089700000)
 Metaspace       used 20479K, capacity 21232K, committed 21296K, reserved 1069056K
  class space    used 2499K, capacity 2677K, committed 2688K, reserved 1048576K
Event: 3.413 GC heap after
Heap after GC invocations=7 (full 1):
 PSYoungGen      total 137728K, used 0K [0x00000000d6c00000, 0x00000000dfd00000, 0x0000000100000000)
  eden space 126976K, 0% used [0x00000000d6c00000,0x00000000d6c00000,0x00000000de800000)
  from space 10752K, 0% used [0x00000000df280000,0x00000000df280000,0x00000000dfd00000)
  to   space 10752K, 0% used [0x00000000de800000,0x00000000de800000,0x00000000df280000)
 ParOldGen       total 61440K, used 10179K [0x0000000084400000, 0x0000000088000000, 0x00000000d6c00000)
  object space 61440K, 16% used [0x0000000084400000,0x0000000084df0c98,0x0000000088000000)
 Metaspace       used 20479K, capacity 21232K, committed 21296K, reserved 1069056K
  class space    used 2499K, capacity 2677K, committed 2688K, reserved 1048576K
}
Event: 5.215 GC heap before
{Heap before GC invocations=8 (full 1):
 PSYoungGen      total 137728K, used 126976K [0x00000000d6c00000, 0x00000000dfd00000, 0x0000000100000000)
  eden space 126976K, 100% used [0x00000000d6c00000,0x00000000de800000,0x00000000de800000)
  from space 10752K, 0% used [0x00000000df280000,0x00000000df280000,0x00000000dfd00000)
  to   space 10752K, 0% used [0x00000000de800000,0x00000000de800000,0x00000000df280000)
 ParOldGen       total 61440K, used 10179K [0x0000000084400000, 0x0000000088000000, 0x00000000d6c00000)
  object space 61440K, 16% used [0x0000000084400000,0x0000000084df0c98,0x0000000088000000)
 Metaspace       used 26281K, capacity 27210K, committed 27264K, reserved 1073152K
  class space    used 3165K, capacity 3412K, committed 3456K, reserved 1048576K
Event: 5.230 GC heap after
Heap after GC invocations=8 (full 1):
 PSYoungGen      total 137728K, used 10730K [0x00000000d6c00000, 0x00000000e4b00000, 0x0000000100000000)
  eden space 126976K, 0% used [0x00000000d6c00000,0x00000000d6c00000,0x00000000de800000)
  from space 10752K, 99% used [0x00000000de800000,0x00000000df27aa70,0x00000000df280000)
  to   space 16384K, 0% used [0x00000000e3b00000,0x00000000e3b00000,0x00000000e4b00000)
 ParOldGen       total 61440K, used 18769K [0x0000000084400000, 0x0000000088000000, 0x00000000d6c00000)
  object space 61440K, 30% used [0x0000000084400000,0x0000000085654708,0x0000000088000000)
 Metaspace       used 26281K, capacity 27210K, committed 27264K, reserved 1073152K
  class space    used 3165K, capacity 3412K, committed 3456K, reserved 1048576K
}

