# JRE version: Java(TM) SE Runtime Environment (8.0_261-b12) (build 1.8.0_261-b12)
# Java VM: Java HotSpot(TM) 64-Bit Server VM (25.261-b12 mixed mode windows-amd64 compressed oops)
Heap:
 PSYoungGen      total 137216K, used 45549K [0x00000000d6c00000, 0x00000000e0400000, 0x0000000100000000)
  eden space 124928K, 26% used [0x00000000d6c00000,0x00000000d8c814f0,0x00000000de600000)
  from space 12288K, 99% used [0x00000000df400000,0x00000000dfffa1b0,0x00000000e0000000)
  to   space 14336K, 0% used [0x00000000de600000,0x00000000de600000,0x00000000df400000)
 ParOldGen       total 84992K, used 17710K [0x0000000084400000, 0x0000000089700000, 0x00000000d6c00000)
  object space 84992K, 20% used [0x0000000084400000,0x000000008554b9f0,0x0000000089700000)
 Metaspace       used 16554K, capacity 16950K, committed 17152K, reserved 1064960K
  class space    used 1825K, capacity 1924K, committed 2048K, reserved 1048576K
GC Heap History (10 events):
Event: 1.827 GC heap before
{Heap before GC invocations=2 (full 0):
 PSYoungGen      total 36864K, used 36817K [0x00000000d6c00000, 0x00000000d9500000, 0x0000000100000000)
  eden space 31744K, 99% used [0x00000000d6c00000,0x00000000d8af7578,0x00000000d8b00000)
  from space 5120K, 99% used [0x00000000d8b00000,0x00000000d8ffd190,0x00000000d9000000)
  to   space 5120K, 0% used [0x00000000d9000000,0x00000000d9000000,0x00000000d9500000)
 ParOldGen       total 84992K, used 1696K [0x0000000084400000, 0x0000000089700000, 0x00000000d6c00000)
  object space 84992K, 1% used [0x0000000084400000,0x00000000845a80d8,0x0000000089700000)
 Metaspace       used 15423K, capacity 15770K, committed 16000K, reserved 1062912K
  class space    used 1740K, capacity 1853K, committed 1920K, reserved 1048576K
Event: 1.833 GC heap after
Heap after GC invocations=2 (full 0):
 PSYoungGen      total 36864K, used 5089K [0x00000000d6c00000, 0x00000000d9500000, 0x0000000100000000)
  eden space 31744K, 0% used [0x00000000d6c00000,0x00000000d6c00000,0x00000000d8b00000)
  from space 5120K, 99% used [0x00000000d9000000,0x00000000d94f8408,0x00000000d9500000)
  to   space 5120K, 0% used [0x00000000d8b00000,0x00000000d8b00000,0x00000000d9000000)
 ParOldGen       total 84992K, used 3553K [0x0000000084400000, 0x0000000089700000, 0x00000000d6c00000)
  object space 84992K, 4% used [0x0000000084400000,0x0000000084778670,0x0000000089700000)
 Metaspace       used 15423K, capacity 15770K, committed 16000K, reserved 1062912K
  class space    used 1740K, capacity 1853K, committed 1920K, reserved 1048576K
}
Event: 2.080 GC heap before
{Heap before GC invocations=3 (full 0):
 PSYoungGen      total 36864K, used 36833K [0x00000000d6c00000, 0x00000000d9500000, 0x0000000100000000)
  eden space 31744K, 100% used [0x00000000d6c00000,0x00000000d8b00000,0x00000000d8b00000)
  from space 5120K, 99% used [0x00000000d9000000,0x00000000d94f8408,0x00000000d9500000)
  to   space 5120K, 0% used [0x00000000d8b00000,0x00000000d8b00000,0x00000000d9000000)
 ParOldGen       total 84992K, used 3553K [0x0000000084400000, 0x0000000089700000, 0x00000000d6c00000)
  object space 84992K, 4% used [0x0000000084400000,0x0000000084778670,0x0000000089700000)
 Metaspace       used 16023K, capacity 16384K, committed 16512K, reserved 1064960K
  class space    used 1783K, capacity 1886K, committed 1920K, reserved 1048576K
Event: 2.085 GC heap after
Heap after GC invocations=3 (full 0):
 PSYoungGen      total 36864K, used 5103K [0x00000000d6c00000, 0x00000000db400000, 0x0000000100000000)
  eden space 31744K, 0% used [0x00000000d6c00000,0x00000000d6c00000,0x00000000d8b00000)
  from space 5120K, 99% used [0x00000000d8b00000,0x00000000d8ffbfd0,0x00000000d9000000)
  to   space 5120K, 0% used [0x00000000daf00000,0x00000000daf00000,0x00000000db400000)
 ParOldGen       total 84992K, used 5276K [0x0000000084400000, 0x0000000089700000, 0x00000000d6c00000)
  object space 84992K, 6% used [0x0000000084400000,0x0000000084927260,0x0000000089700000)
 Metaspace       used 16023K, capacity 16384K, committed 16512K, reserved 1064960K
  class space    used 1783K, capacity 1886K, committed 1920K, reserved 1048576K
}
Event: 2.612 GC heap before
{Heap before GC invocations=4 (full 0):
 PSYoungGen      total 36864K, used 36847K [0x00000000d6c00000, 0x00000000db400000, 0x0000000100000000)
  eden space 31744K, 100% used [0x00000000d6c00000,0x00000000d8b00000,0x00000000d8b00000)
  from space 5120K, 99% used [0x00000000d8b00000,0x00000000d8ffbfd0,0x00000000d9000000)
  to   space 5120K, 0% used [0x00000000daf00000,0x00000000daf00000,0x00000000db400000)
 ParOldGen       total 84992K, used 5276K [0x0000000084400000, 0x0000000089700000, 0x00000000d6c00000)
  object space 84992K, 6% used [0x0000000084400000,0x0000000084927260,0x0000000089700000)
 Metaspace       used 16449K, capacity 16886K, committed 17152K, reserved 1064960K
  class space    used 1825K, capacity 1924K, committed 2048K, reserved 1048576K
Event: 2.618 GC heap after
Heap after GC invocations=4 (full 0):
 PSYoungGen      total 68608K, used 5103K [0x00000000d6c00000, 0x00000000db400000, 0x0000000100000000)
  eden space 63488K, 0% used [0x00000000d6c00000,0x00000000d6c00000,0x00000000daa00000)
  from space 5120K, 99% used [0x00000000daf00000,0x00000000db3fbc80,0x00000000db400000)
  to   space 5120K, 0% used [0x00000000daa00000,0x00000000daa00000,0x00000000daf00000)
 ParOldGen       total 84992K, used 9218K [0x0000000084400000, 0x0000000089700000, 0x00000000d6c00000)
  object space 84992K, 10% used [0x0000000084400000,0x0000000084d00ab0,0x0000000089700000)
 Metaspace       used 16449K, capacity 16886K, committed 17152K, reserved 1064960K
  class space    used 1825K, capacity 1924K, committed 2048K, reserved 1048576K
}
Event: 3.611 GC heap before
{Heap before GC invocations=5 (full 0):
 PSYoungGen      total 68608K, used 68591K [0x00000000d6c00000, 0x00000000db400000, 0x0000000100000000)
  eden space 63488K, 100% used [0x00000000d6c00000,0x00000000daa00000,0x00000000daa00000)
  from space 5120K, 99% used [0x00000000daf00000,0x00000000db3fbc80,0x00000000db400000)
  to   space 5120K, 0% used [0x00000000daa00000,0x00000000daa00000,0x00000000daf00000)
 ParOldGen       total 84992K, used 9218K [0x0000000084400000, 0x0000000089700000, 0x00000000d6c00000)
  object space 84992K, 10% used [0x0000000084400000,0x0000000084d00ab0,0x0000000089700000)
 Metaspace       used 16537K, capacity 16950K, committed 17152K, reserved 1064960K
  class space    used 1825K, capacity 1924K, committed 2048K, reserved 1048576K
Event: 3.624 GC heap after
Heap after GC invocations=5 (full 0):
 PSYoungGen      total 68608K, used 5119K [0x00000000d6c00000, 0x00000000e0000000, 0x0000000100000000)
  eden space 63488K, 0% used [0x00000000d6c00000,0x00000000d6c00000,0x00000000daa00000)
  from space 5120K, 99% used [0x00000000daa00000,0x00000000daeffcb0,0x00000000daf00000)
  to   space 12288K, 0% used [0x00000000df400000,0x00000000df400000,0x00000000e0000000)
 ParOldGen       total 84992K, used 16912K [0x0000000084400000, 0x0000000089700000, 0x00000000d6c00000)
  object space 84992K, 19% used [0x0000000084400000,0x00000000854841c0,0x0000000089700000)
 Metaspace       used 16537K, capacity 16950K, committed 17152K, reserved 1064960K
  class space    used 1825K, capacity 1924K, committed 2048K, reserved 1048576K
}
Event: 4.683 GC heap before
{Heap before GC invocations=6 (full 0):
 PSYoungGen      total 68608K, used 68607K [0x00000000d6c00000, 0x00000000e0000000, 0x0000000100000000)
  eden space 63488K, 100% used [0x00000000d6c00000,0x00000000daa00000,0x00000000daa00000)
  from space 5120K, 99% used [0x00000000daa00000,0x00000000daeffcb0,0x00000000daf00000)
  to   space 12288K, 0% used [0x00000000df400000,0x00000000df400000,0x00000000e0000000)
 ParOldGen       total 84992K, used 16912K [0x0000000084400000, 0x0000000089700000, 0x00000000d6c00000)
  object space 84992K, 19% used [0x0000000084400000,0x00000000854841c0,0x0000000089700000)
 Metaspace       used 16551K, capacity 16950K, committed 17152K, reserved 1064960K
  class space    used 1825K, capacity 1924K, committed 2048K, reserved 1048576K
Event: 4.694 GC heap after
Heap after GC invocations=6 (full 0):
 PSYoungGen      total 137216K, used 12264K [0x00000000d6c00000, 0x00000000e0400000, 0x0000000100000000)
  eden space 124928K, 0% used [0x00000000d6c00000,0x00000000d6c00000,0x00000000de600000)
  from space 12288K, 99% used [0x00000000df400000,0x00000000dfffa1b0,0x00000000e0000000)
  to   space 14336K, 0% used [0x00000000de600000,0x00000000de600000,0x00000000df400000)
 ParOldGen       total 84992K, used 17710K [0x0000000084400000, 0x0000000089700000, 0x00000000d6c00000)
  object space 84992K, 20% used [0x0000000084400000,0x000000008554b9f0,0x0000000089700000)
 Metaspace       used 16551K, capacity 16950K, committed 17152K, reserved 1064960K
  class space    used 1825K, capacity 1924K, committed 2048K, reserved 1048576K
}

