# JRE version: Java(TM) SE Runtime Environment (8.0_261-b12) (build 1.8.0_261-b12)
# Java VM: Java HotSpot(TM) 64-Bit Server VM (25.261-b12 mixed mode windows-amd64 compressed oops)
Heap:
 PSYoungGen      total 266240K, used 156382K [0x00000000d6c00000, 0x00000000eec80000, 0x0000000100000000)
  eden space 235008K, 66% used [0x00000000d6c00000,0x00000000e04b7b98,0x00000000e5180000)
  from space 31232K, 0% used [0x00000000e5180000,0x00000000e5180000,0x00000000e7000000)
  to   space 30208K, 0% used [0x00000000ecf00000,0x00000000ecf00000,0x00000000eec80000)
 ParOldGen       total 91648K, used 23286K [0x0000000084400000, 0x0000000089d80000, 0x00000000d6c00000)
  object space 91648K, 25% used [0x0000000084400000,0x0000000085abdbc0,0x0000000089d80000)
 Metaspace       used 46638K, capacity 47752K, committed 47960K, reserved 1091584K
  class space    used 6158K, capacity 6433K, committed 6528K, reserved 1048576K
GC Heap History (10 events):
Event: 8.406 GC heap before
{Heap before GC invocations=9 (full 0):
 PSYoungGen      total 268800K, used 265500K [0x00000000d6c00000, 0x00000000e8f00000, 0x0000000100000000)
  eden space 245760K, 100% used [0x00000000d6c00000,0x00000000e5c00000,0x00000000e5c00000)
  from space 23040K, 85% used [0x00000000e7480000,0x00000000e87c7120,0x00000000e8b00000)
  to   space 25088K, 0% used [0x00000000e5c00000,0x00000000e5c00000,0x00000000e7480000)
 ParOldGen       total 84992K, used 29293K [0x0000000084400000, 0x0000000089700000, 0x00000000d6c00000)
  object space 84992K, 34% used [0x0000000084400000,0x000000008609b500,0x0000000089700000)
 Metaspace       used 18392K, capacity 18784K, committed 19072K, reserved 1067008K
  class space    used 2010K, capacity 2138K, committed 2176K, reserved 1048576K
Event: 8.428 GC heap after
Heap after GC invocations=9 (full 0):
 PSYoungGen      total 270848K, used 25078K [0x00000000d6c00000, 0x00000000e8f00000, 0x0000000100000000)
  eden space 245760K, 0% used [0x00000000d6c00000,0x00000000d6c00000,0x00000000e5c00000)
  from space 25088K, 99% used [0x00000000e5c00000,0x00000000e747d9c0,0x00000000e7480000)
  to   space 23040K, 0% used [0x00000000e7480000,0x00000000e7480000,0x00000000e8b00000)
 ParOldGen       total 84992K, used 34463K [0x0000000084400000, 0x0000000089700000, 0x00000000d6c00000)
  object space 84992K, 40% used [0x0000000084400000,0x00000000865a7d38,0x0000000089700000)
 Metaspace       used 18392K, capacity 18784K, committed 19072K, reserved 1067008K
  class space    used 2010K, capacity 2138K, committed 2176K, reserved 1048576K
}
Event: 9.116 GC heap before
{Heap before GC invocations=10 (full 0):
 PSYoungGen      total 270848K, used 67243K [0x00000000d6c00000, 0x00000000e8f00000, 0x0000000100000000)
  eden space 245760K, 17% used [0x00000000d6c00000,0x00000000d952d2f8,0x00000000e5c00000)
  from space 25088K, 99% used [0x00000000e5c00000,0x00000000e747d9c0,0x00000000e7480000)
  to   space 23040K, 0% used [0x00000000e7480000,0x00000000e7480000,0x00000000e8b00000)
 ParOldGen       total 84992K, used 34463K [0x0000000084400000, 0x0000000089700000, 0x00000000d6c00000)
  object space 84992K, 40% used [0x0000000084400000,0x00000000865a7d38,0x0000000089700000)
 Metaspace       used 20670K, capacity 21094K, committed 21248K, reserved 1069056K
  class space    used 2356K, capacity 2479K, committed 2560K, reserved 1048576K
Event: 9.119 GC heap after
Heap after GC invocations=10 (full 0):
 PSYoungGen      total 258048K, used 3728K [0x00000000d6c00000, 0x00000000e8e80000, 0x0000000100000000)
  eden space 235008K, 0% used [0x00000000d6c00000,0x00000000d6c00000,0x00000000e5180000)
  from space 23040K, 16% used [0x00000000e7480000,0x00000000e7824010,0x00000000e8b00000)
  to   space 31232K, 0% used [0x00000000e5180000,0x00000000e5180000,0x00000000e7000000)
 ParOldGen       total 84992K, used 34839K [0x0000000084400000, 0x0000000089700000, 0x00000000d6c00000)
  object space 84992K, 40% used [0x0000000084400000,0x0000000086605d48,0x0000000089700000)
 Metaspace       used 20670K, capacity 21094K, committed 21248K, reserved 1069056K
  class space    used 2356K, capacity 2479K, committed 2560K, reserved 1048576K
}
Event: 9.119 GC heap before
{Heap before GC invocations=11 (full 1):
 PSYoungGen      total 258048K, used 3728K [0x00000000d6c00000, 0x00000000e8e80000, 0x0000000100000000)
  eden space 235008K, 0% used [0x00000000d6c00000,0x00000000d6c00000,0x00000000e5180000)
  from space 23040K, 16% used [0x00000000e7480000,0x00000000e7824010,0x00000000e8b00000)
  to   space 31232K, 0% used [0x00000000e5180000,0x00000000e5180000,0x00000000e7000000)
 ParOldGen       total 84992K, used 34839K [0x0000000084400000, 0x0000000089700000, 0x00000000d6c00000)
  object space 84992K, 40% used [0x0000000084400000,0x0000000086605d48,0x0000000089700000)
 Metaspace       used 20670K, capacity 21094K, committed 21248K, reserved 1069056K
  class space    used 2356K, capacity 2479K, committed 2560K, reserved 1048576K
Event: 9.150 GC heap after
Heap after GC invocations=11 (full 1):
 PSYoungGen      total 258048K, used 0K [0x00000000d6c00000, 0x00000000e8e80000, 0x0000000100000000)
  eden space 235008K, 0% used [0x00000000d6c00000,0x00000000d6c00000,0x00000000e5180000)
  from space 23040K, 0% used [0x00000000e7480000,0x00000000e7480000,0x00000000e8b00000)
  to   space 31232K, 0% used [0x00000000e5180000,0x00000000e5180000,0x00000000e7000000)
 ParOldGen       total 67072K, used 16821K [0x0000000084400000, 0x0000000088580000, 0x00000000d6c00000)
  object space 67072K, 25% used [0x0000000084400000,0x000000008546d6c8,0x0000000088580000)
 Metaspace       used 20670K, capacity 21094K, committed 21248K, reserved 1069056K
  class space    used 2356K, capacity 2479K, committed 2560K, reserved 1048576K
}
Event: 13.557 GC heap before
{Heap before GC invocations=12 (full 1):
 PSYoungGen      total 258048K, used 148403K [0x00000000d6c00000, 0x00000000e8e80000, 0x0000000100000000)
  eden space 235008K, 63% used [0x00000000d6c00000,0x00000000dfcecdb0,0x00000000e5180000)
  from space 23040K, 0% used [0x00000000e7480000,0x00000000e7480000,0x00000000e8b00000)
  to   space 31232K, 0% used [0x00000000e5180000,0x00000000e5180000,0x00000000e7000000)
 ParOldGen       total 67072K, used 16821K [0x0000000084400000, 0x0000000088580000, 0x00000000d6c00000)
  object space 67072K, 25% used [0x0000000084400000,0x000000008546d6c8,0x0000000088580000)
 Metaspace       used 34281K, capacity 35198K, committed 35416K, reserved 1081344K
  class space    used 4244K, capacity 4456K, committed 4480K, reserved 1048576K
Event: 13.565 GC heap after
Heap after GC invocations=12 (full 1):
 PSYoungGen      total 266240K, used 15083K [0x00000000d6c00000, 0x00000000eec80000, 0x0000000100000000)
  eden space 235008K, 0% used [0x00000000d6c00000,0x00000000d6c00000,0x00000000e5180000)
  from space 31232K, 48% used [0x00000000e5180000,0x00000000e603ae98,0x00000000e7000000)
  to   space 30208K, 0% used [0x00000000ecf00000,0x00000000ecf00000,0x00000000eec80000)
 ParOldGen       total 67072K, used 16829K [0x0000000084400000, 0x0000000088580000, 0x00000000d6c00000)
  object space 67072K, 25% used [0x0000000084400000,0x000000008546f6c8,0x0000000088580000)
 Metaspace       used 34281K, capacity 35198K, committed 35416K, reserved 1081344K
  class space    used 4244K, capacity 4456K, committed 4480K, reserved 1048576K
}
Event: 13.565 GC heap before
{Heap before GC invocations=13 (full 2):
 PSYoungGen      total 266240K, used 15083K [0x00000000d6c00000, 0x00000000eec80000, 0x0000000100000000)
  eden space 235008K, 0% used [0x00000000d6c00000,0x00000000d6c00000,0x00000000e5180000)
  from space 31232K, 48% used [0x00000000e5180000,0x00000000e603ae98,0x00000000e7000000)
  to   space 30208K, 0% used [0x00000000ecf00000,0x00000000ecf00000,0x00000000eec80000)
 ParOldGen       total 67072K, used 16829K [0x0000000084400000, 0x0000000088580000, 0x00000000d6c00000)
  object space 67072K, 25% used [0x0000000084400000,0x000000008546f6c8,0x0000000088580000)
 Metaspace       used 34281K, capacity 35198K, committed 35416K, reserved 1081344K
  class space    used 4244K, capacity 4456K, committed 4480K, reserved 1048576K
Event: 13.604 GC heap after
Heap after GC invocations=13 (full 2):
 PSYoungGen      total 266240K, used 0K [0x00000000d6c00000, 0x00000000eec80000, 0x0000000100000000)
  eden space 235008K, 0% used [0x00000000d6c00000,0x00000000d6c00000,0x00000000e5180000)
  from space 31232K, 0% used [0x00000000e5180000,0x00000000e5180000,0x00000000e7000000)
  to   space 30208K, 0% used [0x00000000ecf00000,0x00000000ecf00000,0x00000000eec80000)
 ParOldGen       total 91648K, used 23286K [0x0000000084400000, 0x0000000089d80000, 0x00000000d6c00000)
  object space 91648K, 25% used [0x0000000084400000,0x0000000085abdbc0,0x0000000089d80000)
 Metaspace       used 34281K, capacity 35198K, committed 35416K, reserved 1081344K
  class space    used 4244K, capacity 4456K, committed 4480K, reserved 1048576K
}

